[ Episode 1 / Step 0 ]
# # # # # # # # # # 
# T B B H         # 
#                 # 
#                 # 
#                 # 
#               F # 
#                 # 
#                 # 
#                 # 
# # # # # # # # # # 
[ last/next direc: Direc.RIGHT/Direc.RIGHT ]

[ Episode 1 / Step 1 ]
# # # # # # # # # # 
#   T B B H       # 
#                 # 
#                 # 
#                 # 
#               F # 
#                 # 
#                 # 
#                 # 
# # # # # # # # # # 
[ last/next direc: Direc.RIGHT/Direc.RIGHT ]

[ Episode 1 / Step 2 ]
# # # # # # # # # # 
#     T B B H     # 
#                 # 
#                 # 
#                 # 
#               F # 
#                 # 
#                 # 
#                 # 
# # # # # # # # # # 
[ last/next direc: Direc.RIGHT/Direc.RIGHT ]

[ Episode 1 / Step 3 ]
# # # # # # # # # # 
#       T B B H   # 
#                 # 
#                 # 
#                 # 
#               F # 
#                 # 
#                 # 
#                 # 
# # # # # # # # # # 
[ last/next direc: Direc.RIGHT/Direc.RIGHT ]

[ Episode 1 / Step 4 ]
# # # # # # # # # # 
#         T B B H # 
#                 # 
#                 # 
#                 # 
#               F # 
#                 # 
#                 # 
#                 # 
# # # # # # # # # # 
[ last/next direc: Direc.RIGHT/Direc.DOWN ]

[ Episode 1 / Step 5 ]
# # # # # # # # # # 
#           T B B # 
#               H # 
#                 # 
#                 # 
#               F # 
#                 # 
#                 # 
#                 # 
# # # # # # # # # # 
[ last/next direc: Direc.DOWN/Direc.DOWN ]

[ Episode 1 / Step 6 ]
# # # # # # # # # # 
#             T B # 
#               B # 
#               H # 
#                 # 
#               F # 
#                 # 
#                 # 
#                 # 
# # # # # # # # # # 
[ last/next direc: Direc.DOWN/Direc.DOWN ]

[ Episode 1 / Step 7 ]
# # # # # # # # # # 
#               T # 
#               B # 
#               B # 
#               H # 
#               F # 
#                 # 
#                 # 
#                 # 
# # # # # # # # # # 
[ last/next direc: Direc.DOWN/Direc.DOWN ]

[ Episode 1 / Step 8 ]
# # # # # # # # # # 
#               T # 
#               B # 
#               B # 
#               B # 
#     F         H # 
#                 # 
#                 # 
#                 # 
# # # # # # # # # # 
[ last/next direc: Direc.DOWN/Direc.DOWN ]

[ Episode 1 / Step 9 ]
# # # # # # # # # # 
#                 # 
#               T # 
#               B # 
#               B # 
#     F         B # 
#               H # 
#                 # 
#                 # 
# # # # # # # # # # 
[ last/next direc: Direc.DOWN/Direc.DOWN ]

[ Episode 1 / Step 10 ]
# # # # # # # # # # 
#                 # 
#                 # 
#               T # 
#               B # 
#     F         B # 
#               B # 
#               H # 
#                 # 
# # # # # # # # # # 
[ last/next direc: Direc.DOWN/Direc.DOWN ]

[ Episode 1 / Step 11 ]
# # # # # # # # # # 
#                 # 
#                 # 
#                 # 
#               T # 
#     F         B # 
#               B # 
#               B # 
#               H # 
# # # # # # # # # # 
[ last/next direc: Direc.DOWN/Direc.LEFT ]

[ Episode 1 / Step 12 ]
# # # # # # # # # # 
#                 # 
#                 # 
#                 # 
#                 # 
#     F         T # 
#               B # 
#               B # 
#             H B # 
# # # # # # # # # # 
[ last/next direc: Direc.LEFT/Direc.LEFT ]

[ Episode 1 / Step 13 ]
# # # # # # # # # # 
#                 # 
#                 # 
#                 # 
#                 # 
#     F           # 
#               T # 
#               B # 
#           H B B # 
# # # # # # # # # # 
[ last/next direc: Direc.LEFT/Direc.LEFT ]

[ Episode 1 / Step 14 ]
# # # # # # # # # # 
#                 # 
#                 # 
#                 # 
#                 # 
#     F           # 
#                 # 
#               T # 
#         H B B B # 
# # # # # # # # # # 
[ last/next direc: Direc.LEFT/Direc.LEFT ]

[ Episode 1 / Step 15 ]
# # # # # # # # # # 
#                 # 
#                 # 
#                 # 
#                 # 
#     F           # 
#                 # 
#                 # 
#       H B B B T # 
# # # # # # # # # # 
[ last/next direc: Direc.LEFT/Direc.LEFT ]

[ Episode 1 / Step 16 ]
# # # # # # # # # # 
#                 # 
#                 # 
#                 # 
#                 # 
#     F           # 
#                 # 
#                 # 
#     H B B B T   # 
# # # # # # # # # # 
[ last/next direc: Direc.LEFT/Direc.LEFT ]

[ Episode 1 / Step 17 ]
# # # # # # # # # # 
#                 # 
#                 # 
#                 # 
#                 # 
#     F           # 
#                 # 
#                 # 
#   H B B B T     # 
# # # # # # # # # # 
[ last/next direc: Direc.LEFT/Direc.LEFT ]

[ Episode 1 / Step 18 ]
# # # # # # # # # # 
#                 # 
#                 # 
#                 # 
#                 # 
#     F           # 
#                 # 
#                 # 
# H B B B T       # 
# # # # # # # # # # 
[ last/next direc: Direc.LEFT/Direc.UP ]

[ Episode 1 / Step 19 ]
# # # # # # # # # # 
#                 # 
#                 # 
#                 # 
#                 # 
#     F           # 
#                 # 
# H               # 
# B B B T         # 
# # # # # # # # # # 
[ last/next direc: Direc.UP/Direc.UP ]

[ Episode 1 / Step 20 ]
# # # # # # # # # # 
#                 # 
#                 # 
#                 # 
#                 # 
#     F           # 
# H               # 
# B               # 
# B B T           # 
# # # # # # # # # # 
[ last/next direc: Direc.UP/Direc.UP ]

